<?xml version="1.0" encoding="UTF-8" ?>
<testsuite tests="29" failures="0" name="fr.noop.subtitle.stl.StlParserTest" time="0.134" errors="0" skipped="0">
  <properties>
[...]
</properties>
  <testcase classname="fr.noop.subtitle.stl.StlParserTest" name="testCueRegion2" time="0.063"/>
  <testcase classname="fr.noop.subtitle.stl.StlParserTest" name="testGsiCd" time="0.006"/>
  <testcase classname="fr.noop.subtitle.stl.StlParserTest" name="testGsiCo" time="0.005"/>
  <testcase classname="fr.noop.subtitle.stl.StlParserTest" name="testGsiEn" time="0.003"/>
  <testcase classname="fr.noop.subtitle.stl.StlParserTest" name="testGsiRd" time="0.004"/>
  <testcase classname="fr.noop.subtitle.stl.StlParserTest" name="testGsiRn" time="0.003"/>
  <testcase classname="fr.noop.subtitle.stl.StlParserTest" name="testGsiTn" time="0.004"/>
  <testcase classname="fr.noop.subtitle.stl.StlParserTest" name="testTtiJc" time="0.003"/>
  <testcase classname="fr.noop.subtitle.stl.StlParserTest" name="testTtiSn" time="0.002"/>
  <testcase classname="fr.noop.subtitle.stl.StlParserTest" name="testTtiVp" time="0.003"/>
  <testcase classname="fr.noop.subtitle.stl.StlParserTest" name="testCueLines" time="0.002"/>
  <testcase classname="fr.noop.subtitle.stl.StlParserTest" name="testGsiCct" time="0.003"/>
  <testcase classname="fr.noop.subtitle.stl.StlParserTest" name="testGsiCpn" time="0.003"/>
  <testcase classname="fr.noop.subtitle.stl.StlParserTest" name="testGsiDfc" time="0.002"/>
  <testcase classname="fr.noop.subtitle.stl.StlParserTest" name="testGsiDsc" time="0.002"/>
  <testcase classname="fr.noop.subtitle.stl.StlParserTest" name="testGsiMnc" time="0.003"/>
  <testcase classname="fr.noop.subtitle.stl.StlParserTest" name="testGsiMnr" time="0.002"/>
  <testcase classname="fr.noop.subtitle.stl.StlParserTest" name="testGsiOet" time="0.002"/>
  <testcase classname="fr.noop.subtitle.stl.StlParserTest" name="testGsiOpt" time="0.002"/>
  <testcase classname="fr.noop.subtitle.stl.StlParserTest" name="testGsiPub" time="0.002"/>
  <testcase classname="fr.noop.subtitle.stl.StlParserTest" name="testGsiTcf" time="0.002"/>
  <testcase classname="fr.noop.subtitle.stl.StlParserTest" name="testGsiTcp" time="0.002"/>
  <testcase classname="fr.noop.subtitle.stl.StlParserTest" name="testGsiTet" time="0.001"/>
  <testcase classname="fr.noop.subtitle.stl.StlParserTest" name="testGsiTnb" time="0.002"/>
  <testcase classname="fr.noop.subtitle.stl.StlParserTest" name="testGsiTns" time="0.002"/>
  <testcase classname="fr.noop.subtitle.stl.StlParserTest" name="testGsiTpt" time="0.001"/>
  <testcase classname="fr.noop.subtitle.stl.StlParserTest" name="testTtiTci" time="0.002"/>
  <testcase classname="fr.noop.subtitle.stl.StlParserTest" name="testTtiTco" time="0.001"/>
  <testcase classname="fr.noop.subtitle.stl.StlParserTest" name="testCueRegion" time="0.002"/>
</testsuite>